<?xml version="1.0" encoding="UTF-8"?>
<testng-results ignored="0" total="1" passed="1" failed="0" skipped="0">
  <reporter-output>
  </reporter-output>
  <suite started-at="2024-10-31T00:58:41 IST" name="Default suite" finished-at="2024-10-31T00:59:01 IST" duration-ms="19723">
    <groups>
    </groups>
    <test started-at="2024-10-31T00:58:41 IST" name="Default test" finished-at="2024-10-31T00:59:01 IST" duration-ms="19723">
      <class name="GC.GCSW.THEME3_FRONTEND">
        <test-method signature="Theme3_Frontend()[pri:0, instance:GC.GCSW.THEME3_FRONTEND@35cabb2a]" started-at="2024-10-31T00:58:42 IST" name="Theme3_Frontend" finished-at="2024-10-31T00:59:01 IST" duration-ms="19699" status="PASS">
          <reporter-output>
          </reporter-output>
        </test-method> <!-- Theme3_Frontend -->
      </class> <!-- GC.GCSW.THEME3_FRONTEND -->
    </test> <!-- Default test -->
  </suite> <!-- Default suite -->
</testng-results>
